Build started 1/17/2015 7:35:18 PM.
     1>Project "D:\Google Drive\University\2A\Human Computer Interaction\Projects\Term\TwitchPlaysAPI\TwitchPlaysAPI\TwitchPlaysAPI.vcxproj" on node 2 (Build target(s)).
     1>ClCompile:
         C:\Program Files (x86)\Microsoft Visual Studio 12.0\VC\bin\x86_amd64\CL.exe /c /Zi /nologo /W3 /WX- /sdl /Od /D _CRT_SECURE_NO_WARNINGS /D WIN32 /D _DEBUG /D _CONSOLE /D _LIB /D _UNICODE /D UNICODE /Gm /EHsc /RTC1 /MDd /GS /fp:precise /Zc:wchar_t /Zc:forScope /Fo"x64\Debug\\" /Fd"x64\Debug\vc120.pdb" /Gd /TP /errorReport:prompt Main.cpp TwitchPlaysAPI.cpp
         TwitchPlaysAPI.cpp
     1>TwitchPlaysAPI.cpp(22): warning C4267: '=' : conversion from 'size_t' to 'int', possible loss of data
     1>TwitchPlaysAPI.cpp(42): warning C4267: '=' : conversion from 'size_t' to 'int', possible loss of data
     1>TwitchPlaysAPI.cpp(193): warning C4244: 'initializing' : conversion from '__int64' to 'int', possible loss of data
         Main.cpp
         Generating Code...
       Link:
         C:\Program Files (x86)\Microsoft Visual Studio 12.0\VC\bin\x86_amd64\link.exe /ERRORREPORT:PROMPT /OUT:"D:\Google Drive\University\2A\Human Computer Interaction\Projects\Term\TwitchPlaysAPI\x64\Debug\TwitchPlaysAPI.exe" /INCREMENTAL /NOLOGO pthreadVC2.lib ws2_32.lib kernel32.lib user32.lib gdi32.lib winspool.lib comdlg32.lib advapi32.lib shell32.lib ole32.lib oleaut32.lib uuid.lib odbc32.lib odbccp32.lib /MANIFEST /MANIFESTUAC:"level='asInvoker' uiAccess='false'" /manifest:embed /DEBUG /PDB:"D:\Google Drive\University\2A\Human Computer Interaction\Projects\Term\TwitchPlaysAPI\x64\Debug\TwitchPlaysAPI.pdb" /SUBSYSTEM:CONSOLE /TLBID:1 /DYNAMICBASE /NXCOMPAT /IMPLIB:"D:\Google Drive\University\2A\Human Computer Interaction\Projects\Term\TwitchPlaysAPI\x64\Debug\TwitchPlaysAPI.lib" /MACHINE:X64 x64\Debug\IRCClient.obj
         x64\Debug\IRCHandler.obj
         x64\Debug\IRCSocket.obj
         x64\Debug\Main.obj
         x64\Debug\TwitchPlaysAPI.obj
         TwitchPlaysAPI.vcxproj -> D:\Google Drive\University\2A\Human Computer Interaction\Projects\Term\TwitchPlaysAPI\x64\Debug\TwitchPlaysAPI.exe
     1>Done Building Project "D:\Google Drive\University\2A\Human Computer Interaction\Projects\Term\TwitchPlaysAPI\TwitchPlaysAPI\TwitchPlaysAPI.vcxproj" (Build target(s)).

Build succeeded.

Time Elapsed 00:00:01.88
